<?xml version="1.0" encoding="UTF-8"?>
<!-- Generated by org.testng.reporters.JUnitReportReporter -->
<testsuite name="testcases.Search" tests="1" time="22.870" ignored="0" failures="0" timestamp="26 Jan 2017 15:48:08 GMT" skipped="0" hostname="B-Windows10-Sel" errors="0">
  <testcase name="searchForDress" time="22.870" classname="testcases.Search"/>
</testsuite> <!-- testcases.Search -->
