<?xml version="1.0" encoding="UTF-8"?>
<!-- Generated by org.testng.reporters.JUnitReportReporter -->
<testsuite name="testcases.Links" tests="2" time="71.328" ignored="0" failures="0" timestamp="26 Jan 2017 14:23:32 GMT" skipped="0" hostname="B-Windows10-Sel" errors="0">
  <testcase name="FooterLinks" time="52.603" classname="testcases.Links"/>
  <testcase name="ContactUsLink" time="18.725" classname="testcases.Links"/>
</testsuite> <!-- testcases.Links -->
