<?xml version="1.0" encoding="UTF-8"?>
<!-- Generated by org.testng.reporters.JUnitReportReporter -->
<testsuite hostname="B-Windows10-Sel" name="testcases.BuySomething" tests="1" failures="0" timestamp="19 Sep 2016 18:38:15 GMT" time="26.966" errors="0">
  <testcase name="buyADress" time="26.966" classname="testcases.BuySomething"/>
</testsuite> <!-- testcases.BuySomething -->
